2023.09.24 17:51:12 INFO  Started: Metals version 1.0.1 in folders 'C:\Users\anton\Documents\projects\occupancy-front' for client Visual Studio Code 1.82.2.
sept. 24, 2023 5:51:12 PM org.flywaydb.core.internal.license.VersionPrinter printVersionOnly
INFOS: Flyway Community Edition 9.21.2 by Redgate
sept. 24, 2023 5:51:12 PM org.flywaydb.core.internal.license.VersionPrinter printVersion
INFOS: See release notes here: https://rd.gt/416ObMi
sept. 24, 2023 5:51:12 PM org.flywaydb.core.internal.license.VersionPrinter printVersion
INFOS: 
sept. 24, 2023 5:51:12 PM org.flywaydb.core.FlywayExecutor execute
INFOS: Database: jdbc:h2:file:C:\Users\anton\Documents\projects\occupancy-front\.metals\metals (H2 2.1)
sept. 24, 2023 5:51:12 PM org.flywaydb.core.internal.schemahistory.JdbcTableSchemaHistory allAppliedMigrations
INFOS: Schema history table "PUBLIC"."flyway_schema_history" does not exist yet
sept. 24, 2023 5:51:12 PM org.flywaydb.core.internal.command.DbValidate validate
INFOS: Successfully validated 4 migrations (execution time 00:00.013s)
sept. 24, 2023 5:51:12 PM org.flywaydb.core.internal.schemahistory.JdbcTableSchemaHistory create
INFOS: Creating Schema History table "PUBLIC"."flyway_schema_history" ...
sept. 24, 2023 5:51:12 PM org.flywaydb.core.internal.command.DbMigrate migrateGroup
INFOS: Current version of schema "PUBLIC": << Empty Schema >>
sept. 24, 2023 5:51:12 PM org.flywaydb.core.internal.command.DbMigrate doMigrateGroup
INFOS: Migrating schema "PUBLIC" to version "1 - Create tables"
sept. 24, 2023 5:51:12 PM org.flywaydb.core.internal.command.DbMigrate doMigrateGroup
INFOS: Migrating schema "PUBLIC" to version "2 - Server discovery"
sept. 24, 2023 5:51:12 PM org.flywaydb.core.internal.command.DbMigrate doMigrateGroup
INFOS: Migrating schema "PUBLIC" to version "3 - Jar symbols"
sept. 24, 2023 5:51:12 PM org.flywaydb.core.internal.command.DbMigrate doMigrateGroup
INFOS: Migrating schema "PUBLIC" to version "4 - Fingerprints"
sept. 24, 2023 5:51:12 PM org.flywaydb.core.internal.command.DbMigrate logSummary
INFOS: Successfully applied 4 migrations to schema "PUBLIC", now at version v4 (execution time 00:00.014s)
2023.09.24 17:51:12 INFO  time: initialize in 0.56s
2023.09.24 17:51:17 WARN  Build server is not auto-connectable.
2023.09.24 17:51:17 WARN  no build tool detected in workspace 'C:\Users\anton\Documents\projects\occupancy-front'. The most common cause for this problem is that the editor was opened in the wrong working directory, for example if you use sbt then the workspace directory should contain build.sbt. 
sept. 24, 2023 5:51:22 PM org.eclipse.lsp4j.jsonrpc.services.GenericEndpoint notify
INFOS: Unsupported notification method: $/setTrace
sept. 24, 2023 5:51:25 PM org.eclipse.lsp4j.jsonrpc.services.GenericEndpoint notify
INFOS: Unsupported notification method: $/setTrace
sept. 24, 2023 7:19:27 PM org.eclipse.lsp4j.jsonrpc.services.GenericEndpoint notify
INFOS: Unsupported notification method: $/setTrace
sept. 25, 2023 2:47:56 AM org.eclipse.lsp4j.jsonrpc.services.GenericEndpoint notify
INFOS: Unsupported notification method: $/setTrace
2023.09.25 03:07:23 INFO  Shutting down server
2023.09.25 03:07:23 INFO  shutting down Metals
2023.09.25 03:07:23 INFO  Exiting server
